# Logfile created on 2022-08-26 21:22:42 +0000 by logger.rb/v1.5.1
W, [2022-08-26T21:22:43.026532 #42363]  WARN -- : Performing cdr fetch operation
W, [2022-08-26T21:22:43.039491 #42363]  WARN -- : Mailbox retrieved, processing 4 calls
W, [2022-08-26T21:23:55.858347 #42372]  WARN -- : Performing cdr fetch operation
W, [2022-08-26T21:23:55.872029 #42372]  WARN -- : Mailbox retrieved, processing 4 calls
W, [2022-08-26T21:24:42.083101 #42381]  WARN -- : Performing cdr fetch operation
W, [2022-08-26T21:24:42.095030 #42381]  WARN -- : Mailbox retrieved, processing 1 calls
W, [2022-08-26T21:25:31.986124 #42386]  WARN -- : Performing cdr fetch operation
W, [2022-08-26T21:25:31.994386 #42386]  WARN -- : Mailbox retrieved, processing 1 calls
W, [2022-08-26T21:29:12.211221 #42397]  WARN -- : Performing cdr fetch operation
W, [2022-08-26T21:29:12.226158 #42397]  WARN -- : Received response {"errors":["Not Authenticated"]}
W, [2022-08-26T21:29:12.226254 #42397]  WARN -- : Mailbox retrieved, processing 1 calls
W, [2022-08-26T21:29:47.782558 #42402]  WARN -- : Performing cdr fetch operation
W, [2022-08-26T21:29:47.790682 #42402]  WARN -- : Received response {"errors":["Not Authenticated"]}
W, [2022-08-26T21:29:47.790787 #42402]  WARN -- : Mailbox retrieved, processing 1 calls
W, [2022-08-26T21:30:00.737826 #42407]  WARN -- : Performing cdr fetch operation
W, [2022-08-26T21:30:00.746328 #42407]  WARN -- : Received response #<HTTParty::Response:0x182b8 parsed_response={"errors"=>["Not Authenticated"]}, @response=#<Net::HTTPUnauthorized 401 Unauthorized readbody=true>, @headers={"server"=>["nginx/1.20.0"], "date"=>["Fri, 26 Aug 2022 21:30:00 GMT"], "content-type"=>["application/json; charset=utf-8"], "transfer-encoding"=>["chunked"], "connection"=>["close"], "x-frame-options"=>["SAMEORIGIN"], "x-xss-protection"=>["1; mode=block"], "x-content-type-options"=>["nosniff"], "cache-control"=>["no-cache"], "x-request-id"=>["ef05c8ad-d044-4a62-b715-1c472561e128"], "x-runtime"=>["0.001875"]}>
W, [2022-08-26T21:30:00.746394 #42407]  WARN -- : Mailbox retrieved, processing 1 calls
W, [2022-08-26T21:30:39.489926 #42426]  WARN -- : Performing cdr fetch operation
W, [2022-08-26T21:30:39.498113 #42426]  WARN -- : Received response #<HTTParty::Response:0x182b8 parsed_response={"errors"=>["Not Authenticated"]}, @response=#<Net::HTTPUnauthorized 401 Unauthorized readbody=true>, @headers={"server"=>["nginx/1.20.0"], "date"=>["Fri, 26 Aug 2022 21:30:39 GMT"], "content-type"=>["application/json; charset=utf-8"], "transfer-encoding"=>["chunked"], "connection"=>["close"], "x-frame-options"=>["SAMEORIGIN"], "x-xss-protection"=>["1; mode=block"], "x-content-type-options"=>["nosniff"], "cache-control"=>["no-cache"], "x-request-id"=>["6ceacf75-a396-4b20-a291-04027e23086b"], "x-runtime"=>["0.001830"]}>
W, [2022-08-26T21:30:39.498170 #42426]  WARN -- : Mailbox retrieved, processing 1 calls
W, [2022-08-26T21:32:08.261276 #42431]  WARN -- : Performing cdr fetch operation
W, [2022-08-26T21:32:08.270634 #42431]  WARN -- : Received response #<HTTParty::Response:0x182b8 parsed_response={"errors"=>["Not Authenticated"]}, @response=#<Net::HTTPUnauthorized 401 Unauthorized readbody=true>, @headers={"server"=>["nginx/1.20.0"], "date"=>["Fri, 26 Aug 2022 21:32:08 GMT"], "content-type"=>["application/json; charset=utf-8"], "transfer-encoding"=>["chunked"], "connection"=>["close"], "x-frame-options"=>["SAMEORIGIN"], "x-xss-protection"=>["1; mode=block"], "x-content-type-options"=>["nosniff"], "cache-control"=>["no-cache"], "x-request-id"=>["0d85501e-a0b0-431d-8cfa-4e41c62fa224"], "x-runtime"=>["0.002267"]}>
W, [2022-08-26T21:32:08.270699 #42431]  WARN -- : Mailbox retrieved, processing 1 calls
W, [2022-08-26T21:33:28.476078 #42438]  WARN -- : Performing cdr fetch operation
W, [2022-08-26T21:33:28.484356 #42438]  WARN -- : Received response #<HTTParty::Response:0x182b8 parsed_response={"errors"=>["Not Authenticated"]}, @response=#<Net::HTTPUnauthorized 401 Unauthorized readbody=true>, @headers={"server"=>["nginx/1.20.0"], "date"=>["Fri, 26 Aug 2022 21:33:28 GMT"], "content-type"=>["application/json; charset=utf-8"], "transfer-encoding"=>["chunked"], "connection"=>["close"], "x-frame-options"=>["SAMEORIGIN"], "x-xss-protection"=>["1; mode=block"], "x-content-type-options"=>["nosniff"], "cache-control"=>["no-cache"], "x-request-id"=>["3c9485f1-d6a7-415b-aa3a-9daff7750f7a"], "x-runtime"=>["0.001856"]}>
W, [2022-08-26T21:33:28.484424 #42438]  WARN -- : Mailbox retrieved, processing 1 calls
W, [2022-08-26T21:34:34.946364 #42446]  WARN -- : Performing cdr fetch operation
W, [2022-08-26T21:34:34.955642 #42446]  WARN -- : Received response #<HTTParty::Response:0x182b8 parsed_response={"errors"=>["Not Authenticated"]}, @response=#<Net::HTTPUnauthorized 401 Unauthorized readbody=true>, @headers={"server"=>["nginx/1.20.0"], "date"=>["Fri, 26 Aug 2022 21:34:34 GMT"], "content-type"=>["application/json; charset=utf-8"], "transfer-encoding"=>["chunked"], "connection"=>["close"], "x-frame-options"=>["SAMEORIGIN"], "x-xss-protection"=>["1; mode=block"], "x-content-type-options"=>["nosniff"], "cache-control"=>["no-cache"], "x-request-id"=>["9d2fbf59-7524-43ea-a718-31dc8906603e"], "x-runtime"=>["0.002480"]}>
W, [2022-08-26T21:34:34.955706 #42446]  WARN -- : Mailbox retrieved, processing 1 calls
W, [2022-08-26T21:34:54.888659 #42451]  WARN -- : Performing cdr fetch operation
W, [2022-08-26T21:34:54.896944 #42451]  WARN -- : Received response #<HTTParty::Response:0x182b8 parsed_response={"errors"=>["Not Authenticated"]}, @response=#<Net::HTTPUnauthorized 401 Unauthorized readbody=true>, @headers={"server"=>["nginx/1.20.0"], "date"=>["Fri, 26 Aug 2022 21:34:54 GMT"], "content-type"=>["application/json; charset=utf-8"], "transfer-encoding"=>["chunked"], "connection"=>["close"], "x-frame-options"=>["SAMEORIGIN"], "x-xss-protection"=>["1; mode=block"], "x-content-type-options"=>["nosniff"], "cache-control"=>["no-cache"], "x-request-id"=>["e5f9579f-2f8c-472d-aca8-03fe55832d4a"], "x-runtime"=>["0.001737"]}>
W, [2022-08-26T21:34:54.896999 #42451]  WARN -- : Mailbox retrieved, processing 1 calls
W, [2022-08-26T21:36:44.635168 #42456]  WARN -- : Performing cdr fetch operation
W, [2022-08-26T21:36:44.645427 #42456]  WARN -- : Received response #<HTTParty::Response:0x182b8 parsed_response={"errors"=>["Not Authenticated"]}, @response=#<Net::HTTPUnauthorized 401 Unauthorized readbody=true>, @headers={"server"=>["nginx/1.20.0"], "date"=>["Fri, 26 Aug 2022 21:36:44 GMT"], "content-type"=>["application/json; charset=utf-8"], "transfer-encoding"=>["chunked"], "connection"=>["close"], "x-frame-options"=>["SAMEORIGIN"], "x-xss-protection"=>["1; mode=block"], "x-content-type-options"=>["nosniff"], "cache-control"=>["no-cache"], "x-request-id"=>["a7d2a0e2-28e8-45d8-b23e-d0623bf9d235"], "x-runtime"=>["0.002056"]}>
W, [2022-08-26T21:36:44.645487 #42456]  WARN -- : Mailbox retrieved, processing 1 calls
W, [2022-08-26T21:38:15.778058 #42461]  WARN -- : Performing cdr fetch operation
W, [2022-08-26T21:38:15.788670 #42461]  WARN -- : Received response #<HTTParty::Response:0x182b8 parsed_response={"errors"=>["Not Authenticated"]}, @response=#<Net::HTTPUnauthorized 401 Unauthorized readbody=true>, @headers={"server"=>["nginx/1.20.0"], "date"=>["Fri, 26 Aug 2022 21:38:15 GMT"], "content-type"=>["application/json; charset=utf-8"], "transfer-encoding"=>["chunked"], "connection"=>["close"], "x-frame-options"=>["SAMEORIGIN"], "x-xss-protection"=>["1; mode=block"], "x-content-type-options"=>["nosniff"], "cache-control"=>["no-cache"], "x-request-id"=>["a966036d-a8ac-4f0d-9cb1-2d6b180062a2"], "x-runtime"=>["0.002069"]}>
W, [2022-08-26T21:38:15.788716 #42461]  WARN -- : Mailbox retrieved, processing 1 calls
W, [2022-08-26T21:39:16.685771 #42468]  WARN -- : Performing cdr fetch operation
W, [2022-08-26T21:39:16.696152 #42468]  WARN -- : Received response #<HTTParty::Response:0x182b8 parsed_response={"errors"=>["Not Authenticated"]}, @response=#<Net::HTTPUnauthorized 401 Unauthorized readbody=true>, @headers={"server"=>["nginx/1.20.0"], "date"=>["Fri, 26 Aug 2022 21:39:16 GMT"], "content-type"=>["application/json; charset=utf-8"], "transfer-encoding"=>["chunked"], "connection"=>["close"], "x-frame-options"=>["SAMEORIGIN"], "x-xss-protection"=>["1; mode=block"], "x-content-type-options"=>["nosniff"], "cache-control"=>["no-cache"], "x-request-id"=>["975e2237-1365-4963-9aac-1ba92e1714d9"], "x-runtime"=>["0.002128"]}>
W, [2022-08-26T21:39:16.696224 #42468]  WARN -- : Mailbox retrieved, processing 1 calls
W, [2022-08-26T21:40:33.216555 #42473]  WARN -- : Performing cdr fetch operation
W, [2022-08-26T21:40:33.226418 #42473]  WARN -- : Received response #<HTTParty::Response:0x182b8 parsed_response={"errors"=>["Not Authenticated"]}, @response=#<Net::HTTPUnauthorized 401 Unauthorized readbody=true>, @headers={"server"=>["nginx/1.20.0"], "date"=>["Fri, 26 Aug 2022 21:40:33 GMT"], "content-type"=>["application/json; charset=utf-8"], "transfer-encoding"=>["chunked"], "connection"=>["close"], "x-frame-options"=>["SAMEORIGIN"], "x-xss-protection"=>["1; mode=block"], "x-content-type-options"=>["nosniff"], "cache-control"=>["no-cache"], "x-request-id"=>["4f87c1d1-6c72-454e-a09a-f19e9ff88192"], "x-runtime"=>["0.002267"]}>
W, [2022-08-26T21:40:33.226466 #42473]  WARN -- : Mailbox retrieved, processing 1 calls
W, [2022-08-26T21:41:32.048743 #42482]  WARN -- : Performing cdr fetch operation
W, [2022-08-26T21:43:02.466048 #42487]  WARN -- : Performing cdr fetch operation
W, [2022-08-26T21:48:18.845449 #42499]  WARN -- : Performing cdr fetch operation
W, [2022-08-26T21:49:25.084594 #42504]  WARN -- : Performing cdr fetch operation
W, [2022-08-26T21:50:02.341200 #42509]  WARN -- : Performing cdr fetch operation
W, [2022-08-26T21:51:59.843816 #42515]  WARN -- : Performing cdr fetch operation
W, [2022-08-26T21:53:50.692738 #42521]  WARN -- : Performing cdr fetch operation
W, [2022-08-26T21:54:19.059539 #42527]  WARN -- : Performing cdr fetch operation
W, [2022-08-26T21:55:04.382485 #42532]  WARN -- : Performing cdr fetch operation
W, [2022-08-26T21:55:53.360942 #42537]  WARN -- : Performing cdr fetch operation
W, [2022-08-26T21:56:15.215660 #42545]  WARN -- : Performing cdr fetch operation
W, [2022-08-26T21:56:31.272046 #42551]  WARN -- : Performing cdr fetch operation
W, [2022-08-26T21:57:34.796468 #42556]  WARN -- : Performing cdr fetch operation
W, [2022-08-26T21:58:08.000258 #42563]  WARN -- : Performing cdr fetch operation
W, [2022-08-26T22:08:52.364753 #42583]  WARN -- : Performing cdr fetch operation
W, [2022-08-26T22:43:50.538605 #42634]  WARN -- : Performing cdr fetch operation
W, [2022-08-26T22:44:56.204381 #42642]  WARN -- : Performing cdr fetch operation
W, [2022-08-26T23:12:20.046059 #42770]  WARN -- : Performing cdr fetch operation
